<?xml version="1.0" encoding="UTF-8"?>
<!-- Generated by org.testng.reporters.JUnitXMLReporter -->
<testsuite hostname="ip-172-31-88-196" ignored="0" name="Test" tests="2" failures="2" timestamp="11 Dec 2021 08:57:26 GMT" time="0.042" errors="0">
  <testcase name="Signup" time="0.017" classname="test.SignupTest">
    <failure type="java.lang.NullPointerException">
      <![CDATA[java.lang.NullPointerException
at pages.SignupPage.signup(SignupPage.java:12)
at test.SignupTest.Signup(SignupTest.java:20)
... Removed 25 stack frames]]>
    </failure>
  </testcase> <!-- Signup -->
  <testcase name="Signin" time="0.001" classname="test.LoginTest">
    <failure type="java.lang.NullPointerException">
      <![CDATA[java.lang.NullPointerException
at pages.LoginPage.signin(LoginPage.java:16)
at test.LoginTest.Signin(LoginTest.java:28)
... Removed 25 stack frames]]>
    </failure>
  </testcase> <!-- Signin -->
</testsuite> <!-- Test -->
