<?xml version="1.0" encoding="UTF-8"?>
<!-- Generated by org.testng.reporters.JUnitXMLReporter -->
<testsuite hostname="ip-172-31-88-196" ignored="2" name="Test" tests="2" failures="0" timestamp="11 Dec 2021 10:12:24 GMT" time="2.001" errors="0">
  <testcase name="Signup" time="0.768" classname="test.SignupTest"/>
  <testcase name="Signin" time="0.291" classname="test.LoginTest"/>
  <testcase name="@BeforeTest SetUp" time="0.0" classname="test.DriverClass">
    <ignored/>
  </testcase> <!-- @BeforeTest SetUp -->
  <testcase name="@AfterTest tearDown" time="0.0" classname="test.DriverClass">
    <ignored/>
  </testcase> <!-- @AfterTest tearDown -->
</testsuite> <!-- Test -->
